#Packing pin usage report
Type: BLK-TL-SLICEL
	Input Pin Usage:
		Max: 29.00 (0.91)
		Avg: 18.58 (0.58)
		Min: 2.00 (0.06)
		Histogram:
		[        0:      3.2)  56 (  4.3%) |******
		[      3.2:      6.4)  49 (  3.7%) |******
		[      6.4:      9.6)  34 (  2.6%) |****
		[      9.6:       13)  73 (  5.6%) |********
		[       13:       16) 141 ( 10.7%) |****************
		[       16:       19) 164 ( 12.5%) |*******************
		[       19:       22) 406 ( 30.9%) |***********************************************
		[       22:       26) 376 ( 28.6%) |********************************************
		[       26:       29)  15 (  1.1%) |**
		[       29:       32)   1 (  0.1%) |
	Output Pin Usage:
		Max: 12.00 (0.92)
		Avg: 5.88 (0.45)
		Min: 1.00 (0.08)
		Histogram:
		[        0:      1.3)  84 (  6.4%) |**********
		[      1.3:      2.6)  27 (  2.1%) |***
		[      2.6:      3.9)  21 (  1.6%) |**
		[      3.9:      5.2) 412 ( 31.3%) |***********************************************
		[      5.2:      6.5) 323 ( 24.6%) |*************************************
		[      6.5:      7.8) 163 ( 12.4%) |*******************
		[      7.8:      9.1) 246 ( 18.7%) |****************************
		[      9.1:       10)  24 (  1.8%) |***
		[       10:       12)  11 (  0.8%) |*
		[       12:       13)   4 (  0.3%) |

Type: BLK-TL-SLICEM
	Input Pin Usage:
		Max: 29.00 (0.78)
		Avg: 26.78 (0.72)
		Min: 21.00 (0.57)
		Histogram:
		[        0:      3.7) 0 (  0.0%) |
		[      3.7:      7.4) 0 (  0.0%) |
		[      7.4:       11) 0 (  0.0%) |
		[       11:       15) 0 (  0.0%) |
		[       15:       18) 0 (  0.0%) |
		[       18:       22) 1 ( 11.1%) |*******
		[       22:       26) 1 ( 11.1%) |*******
		[       26:       30) 7 ( 77.8%) |*************************************************
		[       30:       33) 0 (  0.0%) |
		[       33:       37) 0 (  0.0%) |
	Output Pin Usage:
		Max: 8.00 (0.62)
		Avg: 7.00 (0.54)
		Min: 4.00 (0.31)
		Histogram:
		[        0:      1.3) 0 (  0.0%) |
		[      1.3:      2.6) 0 (  0.0%) |
		[      2.6:      3.9) 0 (  0.0%) |
		[      3.9:      5.2) 1 ( 11.1%) |**********
		[      5.2:      6.5) 0 (  0.0%) |
		[      6.5:      7.8) 5 ( 55.6%) |*************************************************
		[      7.8:      9.1) 3 ( 33.3%) |*****************************
		[      9.1:       10) 0 (  0.0%) |
		[       10:       12) 0 (  0.0%) |
		[       12:       13) 0 (  0.0%) |

Type: BLK-TL-BRAM_L
	Input Pin Usage:
		Max: 184.00 (0.44)
		Avg: 178.38 (0.43)
		Min: 92.00 (0.22)
		Histogram:
		[        0:       42)  0 (  0.0%) |
		[       42:       84)  0 (  0.0%) |
		[       84:  1.3e+02)  2 (  4.2%) |**
		[  1.3e+02:  1.7e+02)  0 (  0.0%) |
		[  1.7e+02:  2.1e+02) 46 ( 95.8%) |************************************************
		[  2.1e+02:  2.5e+02)  0 (  0.0%) |
		[  2.5e+02:  2.9e+02)  0 (  0.0%) |
		[  2.9e+02:  3.4e+02)  0 (  0.0%) |
		[  3.4e+02:  3.8e+02)  0 (  0.0%) |
		[  3.8e+02:  4.2e+02)  0 (  0.0%) |
	Output Pin Usage:
		Max: 64.00 (0.25)
		Avg: 5.58 (0.02)
		Min: 1.00 (0.00)
		Histogram:
		[        0:       25) 46 ( 95.8%) |************************************************
		[       25:       51)  1 (  2.1%) |*
		[       51:       76)  1 (  2.1%) |*
		[       76:    1e+02)  0 (  0.0%) |
		[    1e+02:  1.3e+02)  0 (  0.0%) |
		[  1.3e+02:  1.5e+02)  0 (  0.0%) |
		[  1.5e+02:  1.8e+02)  0 (  0.0%) |
		[  1.8e+02:    2e+02)  0 (  0.0%) |
		[    2e+02:  2.3e+02)  0 (  0.0%) |
		[  2.3e+02:  2.5e+02)  0 (  0.0%) |

Type: BLK-TL-IOPAD
	Input Pin Usage:
		Max: 2.00 (0.04)
		Avg: 1.20 (0.02)
		Min: 0.00 (0.00)
		Histogram:
		[        0:      5.6) 10 (100.0%) |*************************************************
		[      5.6:       11) 0 (  0.0%) |
		[       11:       17) 0 (  0.0%) |
		[       17:       22) 0 (  0.0%) |
		[       22:       28) 0 (  0.0%) |
		[       28:       34) 0 (  0.0%) |
		[       34:       39) 0 (  0.0%) |
		[       39:       45) 0 (  0.0%) |
		[       45:       50) 0 (  0.0%) |
		[       50:       56) 0 (  0.0%) |
	Output Pin Usage:
		Max: 1.00 (0.04)
		Avg: 0.50 (0.02)
		Min: 0.00 (0.00)
		Histogram:
		[        0:      2.4) 10 (100.0%) |*************************************************
		[      2.4:      4.8) 0 (  0.0%) |
		[      4.8:      7.2) 0 (  0.0%) |
		[      7.2:      9.6) 0 (  0.0%) |
		[      9.6:       12) 0 (  0.0%) |
		[       12:       14) 0 (  0.0%) |
		[       14:       17) 0 (  0.0%) |
		[       17:       19) 0 (  0.0%) |
		[       19:       22) 0 (  0.0%) |
		[       22:       24) 0 (  0.0%) |

Type: BLK-TL-BUFGCTRL
	Input Pin Usage:
		Max: 8.00 (1.00)
		Avg: 8.00 (1.00)
		Min: 8.00 (1.00)
		Histogram:
		[        0:      0.8) 0 (  0.0%) |
		[      0.8:      1.6) 0 (  0.0%) |
		[      1.6:      2.4) 0 (  0.0%) |
		[      2.4:      3.2) 0 (  0.0%) |
		[      3.2:        4) 0 (  0.0%) |
		[        4:      4.8) 0 (  0.0%) |
		[      4.8:      5.6) 0 (  0.0%) |
		[      5.6:      6.4) 0 (  0.0%) |
		[      6.4:      7.2) 0 (  0.0%) |
		[      7.2:        8) 2 (100.0%) |*************************************************
	Output Pin Usage:
		Max: 1.00 (1.00)
		Avg: 1.00 (1.00)
		Min: 1.00 (1.00)
		Histogram:
		[        0:      0.1) 0 (  0.0%) |
		[      0.1:      0.2) 0 (  0.0%) |
		[      0.2:      0.3) 0 (  0.0%) |
		[      0.3:      0.4) 0 (  0.0%) |
		[      0.4:      0.5) 0 (  0.0%) |
		[      0.5:      0.6) 0 (  0.0%) |
		[      0.6:      0.7) 0 (  0.0%) |
		[      0.7:      0.8) 0 (  0.0%) |
		[      0.8:      0.9) 0 (  0.0%) |
		[      0.9:        1) 2 (100.0%) |*************************************************

Type: BLK-TL-PLLE2_ADV
	Input Pin Usage:
		Max: 32.00 (0.50)
		Avg: 32.00 (0.50)
		Min: 32.00 (0.50)
		Histogram:
		[        0:      6.4) 0 (  0.0%) |
		[      6.4:       13) 0 (  0.0%) |
		[       13:       19) 0 (  0.0%) |
		[       19:       26) 0 (  0.0%) |
		[       26:       32) 1 (100.0%) |**************************************************
		[       32:       38) 0 (  0.0%) |
		[       38:       45) 0 (  0.0%) |
		[       45:       51) 0 (  0.0%) |
		[       51:       58) 0 (  0.0%) |
		[       58:       64) 0 (  0.0%) |
	Output Pin Usage:
		Max: 4.00 (0.04)
		Avg: 4.00 (0.04)
		Min: 4.00 (0.04)
		Histogram:
		[        0:        9) 1 (100.0%) |**************************************************
		[        9:       18) 0 (  0.0%) |
		[       18:       27) 0 (  0.0%) |
		[       27:       36) 0 (  0.0%) |
		[       36:       45) 0 (  0.0%) |
		[       45:       54) 0 (  0.0%) |
		[       54:       63) 0 (  0.0%) |
		[       63:       72) 0 (  0.0%) |
		[       72:       81) 0 (  0.0%) |
		[       81:       90) 0 (  0.0%) |

Type: BLK-TL-HCLK_IOI3
	Input Pin Usage:
		Max: 2.00 (1.00)
		Avg: 2.00 (1.00)
		Min: 2.00 (1.00)
		Histogram:
		[        0:      0.2) 0 (  0.0%) |
		[      0.2:      0.4) 0 (  0.0%) |
		[      0.4:      0.6) 0 (  0.0%) |
		[      0.6:      0.8) 0 (  0.0%) |
		[      0.8:        1) 0 (  0.0%) |
		[        1:      1.2) 0 (  0.0%) |
		[      1.2:      1.4) 0 (  0.0%) |
		[      1.4:      1.6) 0 (  0.0%) |
		[      1.6:      1.8) 0 (  0.0%) |
		[      1.8:        2) 1 (100.0%) |**************************************************
	Output Pin Usage:
		Max: 0.00 (0.00)
		Avg: 0.00 (0.00)
		Min: 0.00 (0.00)
		Histogram:
		[        0:      0.5) 1 (100.0%) |**************************************************
		[      0.5:        1) 0 (  0.0%) |
		[        1:      1.5) 0 (  0.0%) |
		[      1.5:        2) 0 (  0.0%) |
		[        2:      2.5) 0 (  0.0%) |
		[      2.5:        3) 0 (  0.0%) |
		[        3:      3.5) 0 (  0.0%) |
		[      3.5:        4) 0 (  0.0%) |
		[        4:      4.5) 0 (  0.0%) |
		[      4.5:        5) 0 (  0.0%) |

Type: SYN-VCC
	Input Pin Usage:
		Max: 0.00 (-nan)
		Avg: 0.00 (-nan)
		Min: 0.00 (-nan)
	Output Pin Usage:
		Max: 1.00 (1.00)
		Avg: 1.00 (1.00)
		Min: 1.00 (1.00)
		Histogram:
		[        0:      0.1) 0 (  0.0%) |
		[      0.1:      0.2) 0 (  0.0%) |
		[      0.2:      0.3) 0 (  0.0%) |
		[      0.3:      0.4) 0 (  0.0%) |
		[      0.4:      0.5) 0 (  0.0%) |
		[      0.5:      0.6) 0 (  0.0%) |
		[      0.6:      0.7) 0 (  0.0%) |
		[      0.7:      0.8) 0 (  0.0%) |
		[      0.8:      0.9) 0 (  0.0%) |
		[      0.9:        1) 1 (100.0%) |**************************************************

Type: SYN-GND
	Input Pin Usage:
		Max: 0.00 (-nan)
		Avg: 0.00 (-nan)
		Min: 0.00 (-nan)
	Output Pin Usage:
		Max: 1.00 (1.00)
		Avg: 1.00 (1.00)
		Min: 1.00 (1.00)
		Histogram:
		[        0:      0.1) 0 (  0.0%) |
		[      0.1:      0.2) 0 (  0.0%) |
		[      0.2:      0.3) 0 (  0.0%) |
		[      0.3:      0.4) 0 (  0.0%) |
		[      0.4:      0.5) 0 (  0.0%) |
		[      0.5:      0.6) 0 (  0.0%) |
		[      0.6:      0.7) 0 (  0.0%) |
		[      0.7:      0.8) 0 (  0.0%) |
		[      0.8:      0.9) 0 (  0.0%) |
		[      0.9:        1) 1 (100.0%) |**************************************************

