#Unconstrained hold timing startpoint/endpoint

timing_node_id node_type node_name
-------------- --------- ---------
0 .input clk100.inpad[0]
1 .input cpu_reset.inpad[0]
2 .input i2c_scl_$inp.inpad[0]
3 .input i2c_sda_$inp.inpad[0]
4 .input serial_rx.inpad[0]
5 .input spi_miso.inpad[0]
1950 PLLE2_ADV_VPR PLLE2_ADV.CLKFBOUT[0]
4616 FDRE_ZINI $auto$ff.cc:262:slice$10977.Q[0]
7113 FDSE_ZINI $auto$ff.cc:262:slice$11692.Q[0]
50507 PLLE2_ADV_VPR PLLE2_ADV.DADDR[0]
50508 PLLE2_ADV_VPR PLLE2_ADV.DADDR[1]
50509 PLLE2_ADV_VPR PLLE2_ADV.DADDR[2]
50510 PLLE2_ADV_VPR PLLE2_ADV.DADDR[3]
50511 PLLE2_ADV_VPR PLLE2_ADV.DADDR[4]
50512 PLLE2_ADV_VPR PLLE2_ADV.DADDR[5]
50513 PLLE2_ADV_VPR PLLE2_ADV.DADDR[6]
50514 PLLE2_ADV_VPR PLLE2_ADV.DEN[0]
50515 PLLE2_ADV_VPR PLLE2_ADV.DI[0]
50516 PLLE2_ADV_VPR PLLE2_ADV.DI[1]
50517 PLLE2_ADV_VPR PLLE2_ADV.DI[2]
50518 PLLE2_ADV_VPR PLLE2_ADV.DI[3]
50519 PLLE2_ADV_VPR PLLE2_ADV.DI[4]
50520 PLLE2_ADV_VPR PLLE2_ADV.DI[5]
50521 PLLE2_ADV_VPR PLLE2_ADV.DI[6]
50522 PLLE2_ADV_VPR PLLE2_ADV.DI[7]
50523 PLLE2_ADV_VPR PLLE2_ADV.DI[8]
50524 PLLE2_ADV_VPR PLLE2_ADV.DI[9]
50525 PLLE2_ADV_VPR PLLE2_ADV.DI[10]
50526 PLLE2_ADV_VPR PLLE2_ADV.DI[11]
50527 PLLE2_ADV_VPR PLLE2_ADV.DI[12]
50528 PLLE2_ADV_VPR PLLE2_ADV.DI[13]
50529 PLLE2_ADV_VPR PLLE2_ADV.DI[14]
50530 PLLE2_ADV_VPR PLLE2_ADV.DI[15]
50531 PLLE2_ADV_VPR PLLE2_ADV.DWE[0]
50532 RAMB36E1_PRIM mem.0.0.0.ADDRBWRADDRL[0]
50533 RAMB36E1_PRIM mem.0.0.0.ADDRBWRADDRL[1]
50534 RAMB36E1_PRIM mem.0.0.0.ADDRBWRADDRL[2]
50535 RAMB36E1_PRIM mem.0.0.0.ADDRBWRADDRL[3]
50536 RAMB36E1_PRIM mem.0.0.0.ADDRBWRADDRL[4]
50537 RAMB36E1_PRIM mem.0.0.0.ADDRBWRADDRL[5]
50538 RAMB36E1_PRIM mem.0.0.0.ADDRBWRADDRL[6]
50539 RAMB36E1_PRIM mem.0.0.0.ADDRBWRADDRL[7]
50540 RAMB36E1_PRIM mem.0.0.0.ADDRBWRADDRL[8]
50541 RAMB36E1_PRIM mem.0.0.0.ADDRBWRADDRL[9]
50542 RAMB36E1_PRIM mem.0.0.0.ADDRBWRADDRL[10]
50543 RAMB36E1_PRIM mem.0.0.0.ADDRBWRADDRL[11]
50544 RAMB36E1_PRIM mem.0.0.0.ADDRBWRADDRL[12]
50545 RAMB36E1_PRIM mem.0.0.0.ADDRBWRADDRL[13]
50546 RAMB36E1_PRIM mem.0.0.0.ADDRBWRADDRL[14]
50547 RAMB36E1_PRIM mem.0.0.0.ADDRBWRADDRL[15]
50548 RAMB36E1_PRIM mem.0.0.0.ADDRBWRADDRU[0]
50549 RAMB36E1_PRIM mem.0.0.0.ADDRBWRADDRU[1]
50550 RAMB36E1_PRIM mem.0.0.0.ADDRBWRADDRU[2]
50551 RAMB36E1_PRIM mem.0.0.0.ADDRBWRADDRU[3]
50552 RAMB36E1_PRIM mem.0.0.0.ADDRBWRADDRU[4]
50553 RAMB36E1_PRIM mem.0.0.0.ADDRBWRADDRU[5]
50554 RAMB36E1_PRIM mem.0.0.0.ADDRBWRADDRU[6]
50555 RAMB36E1_PRIM mem.0.0.0.ADDRBWRADDRU[7]
50556 RAMB36E1_PRIM mem.0.0.0.ADDRBWRADDRU[8]
50557 RAMB36E1_PRIM mem.0.0.0.ADDRBWRADDRU[9]
50558 RAMB36E1_PRIM mem.0.0.0.ADDRBWRADDRU[10]
50559 RAMB36E1_PRIM mem.0.0.0.ADDRBWRADDRU[11]
50560 RAMB36E1_PRIM mem.0.0.0.ADDRBWRADDRU[12]
50561 RAMB36E1_PRIM mem.0.0.0.ADDRBWRADDRU[13]
50562 RAMB36E1_PRIM mem.0.0.0.ADDRBWRADDRU[14]
50563 RAMB36E1_PRIM mem.0.0.0.DIBDI[0]
50564 RAMB36E1_PRIM mem.0.0.0.DIBDI[1]
50565 RAMB36E1_PRIM mem.0.0.0.DIBDI[2]
50566 RAMB36E1_PRIM mem.0.0.0.DIBDI[3]
50567 RAMB36E1_PRIM mem.0.0.0.DIBDI[4]
50568 RAMB36E1_PRIM mem.0.0.0.DIBDI[5]
50569 RAMB36E1_PRIM mem.0.0.0.DIBDI[6]
50570 RAMB36E1_PRIM mem.0.0.0.DIBDI[7]
50571 RAMB36E1_PRIM mem.0.0.0.DIBDI[8]
50572 RAMB36E1_PRIM mem.0.0.0.DIBDI[9]
50573 RAMB36E1_PRIM mem.0.0.0.DIBDI[10]
50574 RAMB36E1_PRIM mem.0.0.0.DIBDI[11]
50575 RAMB36E1_PRIM mem.0.0.0.DIBDI[12]
50576 RAMB36E1_PRIM mem.0.0.0.DIBDI[13]
50577 RAMB36E1_PRIM mem.0.0.0.DIBDI[14]
50578 RAMB36E1_PRIM mem.0.0.0.DIBDI[15]
50579 RAMB36E1_PRIM mem.0.0.0.DIBDI[16]
50580 RAMB36E1_PRIM mem.0.0.0.DIBDI[17]
50581 RAMB36E1_PRIM mem.0.0.0.DIBDI[18]
50582 RAMB36E1_PRIM mem.0.0.0.DIBDI[19]
50583 RAMB36E1_PRIM mem.0.0.0.DIBDI[20]
50584 RAMB36E1_PRIM mem.0.0.0.DIBDI[21]
50585 RAMB36E1_PRIM mem.0.0.0.DIBDI[22]
50586 RAMB36E1_PRIM mem.0.0.0.DIBDI[23]
50587 RAMB36E1_PRIM mem.0.0.0.DIBDI[24]
50588 RAMB36E1_PRIM mem.0.0.0.DIBDI[25]
50589 RAMB36E1_PRIM mem.0.0.0.DIBDI[26]
50590 RAMB36E1_PRIM mem.0.0.0.DIBDI[27]
50591 RAMB36E1_PRIM mem.0.0.0.DIBDI[28]
50592 RAMB36E1_PRIM mem.0.0.0.DIBDI[29]
50593 RAMB36E1_PRIM mem.0.0.0.DIBDI[30]
50594 RAMB36E1_PRIM mem.0.0.0.DIBDI[31]
50595 RAMB36E1_PRIM mem.0.0.0.DIPBDIP[0]
50596 RAMB36E1_PRIM mem.0.0.0.DIPBDIP[1]
50597 RAMB36E1_PRIM mem.0.0.0.DIPBDIP[2]
50598 RAMB36E1_PRIM mem.0.0.0.DIPBDIP[3]
50599 RAMB36E1_PRIM mem.0.0.0.ENBWRENL[0]
50600 RAMB36E1_PRIM mem.0.0.0.ENBWRENU[0]
50601 RAMB36E1_PRIM mem.0.0.0.REGCEBL[0]
50602 RAMB36E1_PRIM mem.0.0.0.REGCEBU[0]
50603 RAMB36E1_PRIM mem.0.0.0.REGCLKBL[0]
50604 RAMB36E1_PRIM mem.0.0.0.REGCLKBU[0]
50605 RAMB36E1_PRIM mem.0.0.0.RSTRAMBL[0]
50606 RAMB36E1_PRIM mem.0.0.0.RSTRAMBU[0]
50607 RAMB36E1_PRIM mem.0.0.0.RSTREGBL[0]
50608 RAMB36E1_PRIM mem.0.0.0.RSTREGBU[0]
50609 RAMB36E1_PRIM mem.0.0.0.WEBWEL[0]
50610 RAMB36E1_PRIM mem.0.0.0.WEBWEL[1]
50611 RAMB36E1_PRIM mem.0.0.0.WEBWEL[2]
50612 RAMB36E1_PRIM mem.0.0.0.WEBWEL[3]
50613 RAMB36E1_PRIM mem.0.0.0.WEBWEL[4]
50614 RAMB36E1_PRIM mem.0.0.0.WEBWEL[5]
50615 RAMB36E1_PRIM mem.0.0.0.WEBWEL[6]
50616 RAMB36E1_PRIM mem.0.0.0.WEBWEL[7]
50617 RAMB36E1_PRIM mem.0.0.0.WEBWEU[0]
50618 RAMB36E1_PRIM mem.0.0.0.WEBWEU[1]
50619 RAMB36E1_PRIM mem.0.0.0.WEBWEU[2]
50620 RAMB36E1_PRIM mem.0.0.0.WEBWEU[3]
50621 RAMB36E1_PRIM mem.0.0.0.WEBWEU[4]
50622 RAMB36E1_PRIM mem.0.0.0.WEBWEU[5]
50623 RAMB36E1_PRIM mem.0.0.0.WEBWEU[6]
50624 RAMB36E1_PRIM mem.0.0.0.WEBWEU[7]
50625 RAMB36E1_PRIM mem.1.0.0.ADDRBWRADDRL[0]
50626 RAMB36E1_PRIM mem.1.0.0.ADDRBWRADDRL[1]
50627 RAMB36E1_PRIM mem.1.0.0.ADDRBWRADDRL[2]
50628 RAMB36E1_PRIM mem.1.0.0.ADDRBWRADDRL[3]
50629 RAMB36E1_PRIM mem.1.0.0.ADDRBWRADDRL[4]
50630 RAMB36E1_PRIM mem.1.0.0.ADDRBWRADDRL[5]
50631 RAMB36E1_PRIM mem.1.0.0.ADDRBWRADDRL[6]
50632 RAMB36E1_PRIM mem.1.0.0.ADDRBWRADDRL[7]
50633 RAMB36E1_PRIM mem.1.0.0.ADDRBWRADDRL[8]
50634 RAMB36E1_PRIM mem.1.0.0.ADDRBWRADDRL[9]
50635 RAMB36E1_PRIM mem.1.0.0.ADDRBWRADDRL[10]
50636 RAMB36E1_PRIM mem.1.0.0.ADDRBWRADDRL[11]
50637 RAMB36E1_PRIM mem.1.0.0.ADDRBWRADDRL[12]
50638 RAMB36E1_PRIM mem.1.0.0.ADDRBWRADDRL[13]
50639 RAMB36E1_PRIM mem.1.0.0.ADDRBWRADDRL[14]
50640 RAMB36E1_PRIM mem.1.0.0.ADDRBWRADDRL[15]
50641 RAMB36E1_PRIM mem.1.0.0.ADDRBWRADDRU[0]
50642 RAMB36E1_PRIM mem.1.0.0.ADDRBWRADDRU[1]
50643 RAMB36E1_PRIM mem.1.0.0.ADDRBWRADDRU[2]
50644 RAMB36E1_PRIM mem.1.0.0.ADDRBWRADDRU[3]
50645 RAMB36E1_PRIM mem.1.0.0.ADDRBWRADDRU[4]
50646 RAMB36E1_PRIM mem.1.0.0.ADDRBWRADDRU[5]
50647 RAMB36E1_PRIM mem.1.0.0.ADDRBWRADDRU[6]
50648 RAMB36E1_PRIM mem.1.0.0.ADDRBWRADDRU[7]
50649 RAMB36E1_PRIM mem.1.0.0.ADDRBWRADDRU[8]
50650 RAMB36E1_PRIM mem.1.0.0.ADDRBWRADDRU[9]
50651 RAMB36E1_PRIM mem.1.0.0.ADDRBWRADDRU[10]
50652 RAMB36E1_PRIM mem.1.0.0.ADDRBWRADDRU[11]
50653 RAMB36E1_PRIM mem.1.0.0.ADDRBWRADDRU[12]
50654 RAMB36E1_PRIM mem.1.0.0.ADDRBWRADDRU[13]
50655 RAMB36E1_PRIM mem.1.0.0.ADDRBWRADDRU[14]
50656 RAMB36E1_PRIM mem.1.0.0.DIBDI[0]
50657 RAMB36E1_PRIM mem.1.0.0.DIBDI[1]
50658 RAMB36E1_PRIM mem.1.0.0.DIBDI[2]
50659 RAMB36E1_PRIM mem.1.0.0.DIBDI[3]
50660 RAMB36E1_PRIM mem.1.0.0.DIBDI[4]
50661 RAMB36E1_PRIM mem.1.0.0.DIBDI[5]
50662 RAMB36E1_PRIM mem.1.0.0.DIBDI[6]
50663 RAMB36E1_PRIM mem.1.0.0.DIBDI[7]
50664 RAMB36E1_PRIM mem.1.0.0.DIBDI[8]
50665 RAMB36E1_PRIM mem.1.0.0.DIBDI[9]
50666 RAMB36E1_PRIM mem.1.0.0.DIBDI[10]
50667 RAMB36E1_PRIM mem.1.0.0.DIBDI[11]
50668 RAMB36E1_PRIM mem.1.0.0.DIBDI[12]
50669 RAMB36E1_PRIM mem.1.0.0.DIBDI[13]
50670 RAMB36E1_PRIM mem.1.0.0.DIBDI[14]
50671 RAMB36E1_PRIM mem.1.0.0.DIBDI[15]
50672 RAMB36E1_PRIM mem.1.0.0.DIBDI[16]
50673 RAMB36E1_PRIM mem.1.0.0.DIBDI[17]
50674 RAMB36E1_PRIM mem.1.0.0.DIBDI[18]
50675 RAMB36E1_PRIM mem.1.0.0.DIBDI[19]
50676 RAMB36E1_PRIM mem.1.0.0.DIBDI[20]
50677 RAMB36E1_PRIM mem.1.0.0.DIBDI[21]
50678 RAMB36E1_PRIM mem.1.0.0.DIBDI[22]
50679 RAMB36E1_PRIM mem.1.0.0.DIBDI[23]
50680 RAMB36E1_PRIM mem.1.0.0.DIBDI[24]
50681 RAMB36E1_PRIM mem.1.0.0.DIBDI[25]
50682 RAMB36E1_PRIM mem.1.0.0.DIBDI[26]
50683 RAMB36E1_PRIM mem.1.0.0.DIBDI[27]
50684 RAMB36E1_PRIM mem.1.0.0.DIBDI[28]
50685 RAMB36E1_PRIM mem.1.0.0.DIBDI[29]
50686 RAMB36E1_PRIM mem.1.0.0.DIBDI[30]
50687 RAMB36E1_PRIM mem.1.0.0.DIBDI[31]
50688 RAMB36E1_PRIM mem.1.0.0.DIPBDIP[0]
50689 RAMB36E1_PRIM mem.1.0.0.DIPBDIP[1]
50690 RAMB36E1_PRIM mem.1.0.0.DIPBDIP[2]
50691 RAMB36E1_PRIM mem.1.0.0.DIPBDIP[3]
50692 RAMB36E1_PRIM mem.1.0.0.ENBWRENL[0]
50693 RAMB36E1_PRIM mem.1.0.0.ENBWRENU[0]
50694 RAMB36E1_PRIM mem.1.0.0.REGCEBL[0]
50695 RAMB36E1_PRIM mem.1.0.0.REGCEBU[0]
50696 RAMB36E1_PRIM mem.1.0.0.REGCLKBL[0]
50697 RAMB36E1_PRIM mem.1.0.0.REGCLKBU[0]
50698 RAMB36E1_PRIM mem.1.0.0.RSTRAMBL[0]
50699 RAMB36E1_PRIM mem.1.0.0.RSTRAMBU[0]
50700 RAMB36E1_PRIM mem.1.0.0.RSTREGBL[0]
50701 RAMB36E1_PRIM mem.1.0.0.RSTREGBU[0]
50702 RAMB36E1_PRIM mem.1.0.0.WEBWEL[0]
50703 RAMB36E1_PRIM mem.1.0.0.WEBWEL[1]
50704 RAMB36E1_PRIM mem.1.0.0.WEBWEL[2]
50705 RAMB36E1_PRIM mem.1.0.0.WEBWEL[3]
50706 RAMB36E1_PRIM mem.1.0.0.WEBWEL[4]
50707 RAMB36E1_PRIM mem.1.0.0.WEBWEL[5]
50708 RAMB36E1_PRIM mem.1.0.0.WEBWEL[6]
50709 RAMB36E1_PRIM mem.1.0.0.WEBWEL[7]
50710 RAMB36E1_PRIM mem.1.0.0.WEBWEU[0]
50711 RAMB36E1_PRIM mem.1.0.0.WEBWEU[1]
50712 RAMB36E1_PRIM mem.1.0.0.WEBWEU[2]
50713 RAMB36E1_PRIM mem.1.0.0.WEBWEU[3]
50714 RAMB36E1_PRIM mem.1.0.0.WEBWEU[4]
50715 RAMB36E1_PRIM mem.1.0.0.WEBWEU[5]
50716 RAMB36E1_PRIM mem.1.0.0.WEBWEU[6]
50717 RAMB36E1_PRIM mem.1.0.0.WEBWEU[7]
50718 RAMB36E1_PRIM mem.2.0.0.ADDRBWRADDRL[0]
50719 RAMB36E1_PRIM mem.2.0.0.ADDRBWRADDRL[1]
50720 RAMB36E1_PRIM mem.2.0.0.ADDRBWRADDRL[2]
50721 RAMB36E1_PRIM mem.2.0.0.ADDRBWRADDRL[3]
50722 RAMB36E1_PRIM mem.2.0.0.ADDRBWRADDRL[4]
50723 RAMB36E1_PRIM mem.2.0.0.ADDRBWRADDRL[5]
50724 RAMB36E1_PRIM mem.2.0.0.ADDRBWRADDRL[6]
50725 RAMB36E1_PRIM mem.2.0.0.ADDRBWRADDRL[7]
50726 RAMB36E1_PRIM mem.2.0.0.ADDRBWRADDRL[8]
50727 RAMB36E1_PRIM mem.2.0.0.ADDRBWRADDRL[9]
50728 RAMB36E1_PRIM mem.2.0.0.ADDRBWRADDRL[10]
50729 RAMB36E1_PRIM mem.2.0.0.ADDRBWRADDRL[11]
50730 RAMB36E1_PRIM mem.2.0.0.ADDRBWRADDRL[12]
50731 RAMB36E1_PRIM mem.2.0.0.ADDRBWRADDRL[13]
50732 RAMB36E1_PRIM mem.2.0.0.ADDRBWRADDRL[14]
50733 RAMB36E1_PRIM mem.2.0.0.ADDRBWRADDRL[15]
50734 RAMB36E1_PRIM mem.2.0.0.ADDRBWRADDRU[0]
50735 RAMB36E1_PRIM mem.2.0.0.ADDRBWRADDRU[1]
50736 RAMB36E1_PRIM mem.2.0.0.ADDRBWRADDRU[2]
50737 RAMB36E1_PRIM mem.2.0.0.ADDRBWRADDRU[3]
50738 RAMB36E1_PRIM mem.2.0.0.ADDRBWRADDRU[4]
50739 RAMB36E1_PRIM mem.2.0.0.ADDRBWRADDRU[5]
50740 RAMB36E1_PRIM mem.2.0.0.ADDRBWRADDRU[6]
50741 RAMB36E1_PRIM mem.2.0.0.ADDRBWRADDRU[7]
50742 RAMB36E1_PRIM mem.2.0.0.ADDRBWRADDRU[8]
50743 RAMB36E1_PRIM mem.2.0.0.ADDRBWRADDRU[9]
50744 RAMB36E1_PRIM mem.2.0.0.ADDRBWRADDRU[10]
50745 RAMB36E1_PRIM mem.2.0.0.ADDRBWRADDRU[11]
50746 RAMB36E1_PRIM mem.2.0.0.ADDRBWRADDRU[12]
50747 RAMB36E1_PRIM mem.2.0.0.ADDRBWRADDRU[13]
50748 RAMB36E1_PRIM mem.2.0.0.ADDRBWRADDRU[14]
50749 RAMB36E1_PRIM mem.2.0.0.DIBDI[0]
50750 RAMB36E1_PRIM mem.2.0.0.DIBDI[1]
50751 RAMB36E1_PRIM mem.2.0.0.DIBDI[2]
50752 RAMB36E1_PRIM mem.2.0.0.DIBDI[3]
50753 RAMB36E1_PRIM mem.2.0.0.DIBDI[4]
50754 RAMB36E1_PRIM mem.2.0.0.DIBDI[5]
50755 RAMB36E1_PRIM mem.2.0.0.DIBDI[6]
50756 RAMB36E1_PRIM mem.2.0.0.DIBDI[7]
50757 RAMB36E1_PRIM mem.2.0.0.DIBDI[8]
50758 RAMB36E1_PRIM mem.2.0.0.DIBDI[9]
50759 RAMB36E1_PRIM mem.2.0.0.DIBDI[10]
50760 RAMB36E1_PRIM mem.2.0.0.DIBDI[11]
50761 RAMB36E1_PRIM mem.2.0.0.DIBDI[12]
50762 RAMB36E1_PRIM mem.2.0.0.DIBDI[13]
50763 RAMB36E1_PRIM mem.2.0.0.DIBDI[14]
50764 RAMB36E1_PRIM mem.2.0.0.DIBDI[15]
50765 RAMB36E1_PRIM mem.2.0.0.DIBDI[16]
50766 RAMB36E1_PRIM mem.2.0.0.DIBDI[17]
50767 RAMB36E1_PRIM mem.2.0.0.DIBDI[18]
50768 RAMB36E1_PRIM mem.2.0.0.DIBDI[19]
50769 RAMB36E1_PRIM mem.2.0.0.DIBDI[20]
50770 RAMB36E1_PRIM mem.2.0.0.DIBDI[21]
50771 RAMB36E1_PRIM mem.2.0.0.DIBDI[22]
50772 RAMB36E1_PRIM mem.2.0.0.DIBDI[23]
50773 RAMB36E1_PRIM mem.2.0.0.DIBDI[24]
50774 RAMB36E1_PRIM mem.2.0.0.DIBDI[25]
50775 RAMB36E1_PRIM mem.2.0.0.DIBDI[26]
50776 RAMB36E1_PRIM mem.2.0.0.DIBDI[27]
50777 RAMB36E1_PRIM mem.2.0.0.DIBDI[28]
50778 RAMB36E1_PRIM mem.2.0.0.DIBDI[29]
50779 RAMB36E1_PRIM mem.2.0.0.DIBDI[30]
50780 RAMB36E1_PRIM mem.2.0.0.DIBDI[31]
50781 RAMB36E1_PRIM mem.2.0.0.DIPBDIP[0]
50782 RAMB36E1_PRIM mem.2.0.0.DIPBDIP[1]
50783 RAMB36E1_PRIM mem.2.0.0.DIPBDIP[2]
50784 RAMB36E1_PRIM mem.2.0.0.DIPBDIP[3]
50785 RAMB36E1_PRIM mem.2.0.0.ENBWRENL[0]
50786 RAMB36E1_PRIM mem.2.0.0.ENBWRENU[0]
50787 RAMB36E1_PRIM mem.2.0.0.REGCEBL[0]
50788 RAMB36E1_PRIM mem.2.0.0.REGCEBU[0]
50789 RAMB36E1_PRIM mem.2.0.0.REGCLKBL[0]
50790 RAMB36E1_PRIM mem.2.0.0.REGCLKBU[0]
50791 RAMB36E1_PRIM mem.2.0.0.RSTRAMBL[0]
50792 RAMB36E1_PRIM mem.2.0.0.RSTRAMBU[0]
50793 RAMB36E1_PRIM mem.2.0.0.RSTREGBL[0]
50794 RAMB36E1_PRIM mem.2.0.0.RSTREGBU[0]
50795 RAMB36E1_PRIM mem.2.0.0.WEBWEL[0]
50796 RAMB36E1_PRIM mem.2.0.0.WEBWEL[1]
50797 RAMB36E1_PRIM mem.2.0.0.WEBWEL[2]
50798 RAMB36E1_PRIM mem.2.0.0.WEBWEL[3]
50799 RAMB36E1_PRIM mem.2.0.0.WEBWEL[4]
50800 RAMB36E1_PRIM mem.2.0.0.WEBWEL[5]
50801 RAMB36E1_PRIM mem.2.0.0.WEBWEL[6]
50802 RAMB36E1_PRIM mem.2.0.0.WEBWEL[7]
50803 RAMB36E1_PRIM mem.2.0.0.WEBWEU[0]
50804 RAMB36E1_PRIM mem.2.0.0.WEBWEU[1]
50805 RAMB36E1_PRIM mem.2.0.0.WEBWEU[2]
50806 RAMB36E1_PRIM mem.2.0.0.WEBWEU[3]
50807 RAMB36E1_PRIM mem.2.0.0.WEBWEU[4]
50808 RAMB36E1_PRIM mem.2.0.0.WEBWEU[5]
50809 RAMB36E1_PRIM mem.2.0.0.WEBWEU[6]
50810 RAMB36E1_PRIM mem.2.0.0.WEBWEU[7]
50811 RAMB36E1_PRIM mem.3.0.0.ADDRBWRADDRL[0]
50812 RAMB36E1_PRIM mem.3.0.0.ADDRBWRADDRL[1]
50813 RAMB36E1_PRIM mem.3.0.0.ADDRBWRADDRL[2]
50814 RAMB36E1_PRIM mem.3.0.0.ADDRBWRADDRL[3]
50815 RAMB36E1_PRIM mem.3.0.0.ADDRBWRADDRL[4]
50816 RAMB36E1_PRIM mem.3.0.0.ADDRBWRADDRL[5]
50817 RAMB36E1_PRIM mem.3.0.0.ADDRBWRADDRL[6]
50818 RAMB36E1_PRIM mem.3.0.0.ADDRBWRADDRL[7]
50819 RAMB36E1_PRIM mem.3.0.0.ADDRBWRADDRL[8]
50820 RAMB36E1_PRIM mem.3.0.0.ADDRBWRADDRL[9]
50821 RAMB36E1_PRIM mem.3.0.0.ADDRBWRADDRL[10]
50822 RAMB36E1_PRIM mem.3.0.0.ADDRBWRADDRL[11]
50823 RAMB36E1_PRIM mem.3.0.0.ADDRBWRADDRL[12]
50824 RAMB36E1_PRIM mem.3.0.0.ADDRBWRADDRL[13]
50825 RAMB36E1_PRIM mem.3.0.0.ADDRBWRADDRL[14]
50826 RAMB36E1_PRIM mem.3.0.0.ADDRBWRADDRL[15]
50827 RAMB36E1_PRIM mem.3.0.0.ADDRBWRADDRU[0]
50828 RAMB36E1_PRIM mem.3.0.0.ADDRBWRADDRU[1]
50829 RAMB36E1_PRIM mem.3.0.0.ADDRBWRADDRU[2]
50830 RAMB36E1_PRIM mem.3.0.0.ADDRBWRADDRU[3]
50831 RAMB36E1_PRIM mem.3.0.0.ADDRBWRADDRU[4]
50832 RAMB36E1_PRIM mem.3.0.0.ADDRBWRADDRU[5]
50833 RAMB36E1_PRIM mem.3.0.0.ADDRBWRADDRU[6]
50834 RAMB36E1_PRIM mem.3.0.0.ADDRBWRADDRU[7]
50835 RAMB36E1_PRIM mem.3.0.0.ADDRBWRADDRU[8]
50836 RAMB36E1_PRIM mem.3.0.0.ADDRBWRADDRU[9]
50837 RAMB36E1_PRIM mem.3.0.0.ADDRBWRADDRU[10]
50838 RAMB36E1_PRIM mem.3.0.0.ADDRBWRADDRU[11]
50839 RAMB36E1_PRIM mem.3.0.0.ADDRBWRADDRU[12]
50840 RAMB36E1_PRIM mem.3.0.0.ADDRBWRADDRU[13]
50841 RAMB36E1_PRIM mem.3.0.0.ADDRBWRADDRU[14]
50842 RAMB36E1_PRIM mem.3.0.0.DIBDI[0]
50843 RAMB36E1_PRIM mem.3.0.0.DIBDI[1]
50844 RAMB36E1_PRIM mem.3.0.0.DIBDI[2]
50845 RAMB36E1_PRIM mem.3.0.0.DIBDI[3]
50846 RAMB36E1_PRIM mem.3.0.0.DIBDI[4]
50847 RAMB36E1_PRIM mem.3.0.0.DIBDI[5]
50848 RAMB36E1_PRIM mem.3.0.0.DIBDI[6]
50849 RAMB36E1_PRIM mem.3.0.0.DIBDI[7]
50850 RAMB36E1_PRIM mem.3.0.0.DIBDI[8]
50851 RAMB36E1_PRIM mem.3.0.0.DIBDI[9]
50852 RAMB36E1_PRIM mem.3.0.0.DIBDI[10]
50853 RAMB36E1_PRIM mem.3.0.0.DIBDI[11]
50854 RAMB36E1_PRIM mem.3.0.0.DIBDI[12]
50855 RAMB36E1_PRIM mem.3.0.0.DIBDI[13]
50856 RAMB36E1_PRIM mem.3.0.0.DIBDI[14]
50857 RAMB36E1_PRIM mem.3.0.0.DIBDI[15]
50858 RAMB36E1_PRIM mem.3.0.0.DIBDI[16]
50859 RAMB36E1_PRIM mem.3.0.0.DIBDI[17]
50860 RAMB36E1_PRIM mem.3.0.0.DIBDI[18]
50861 RAMB36E1_PRIM mem.3.0.0.DIBDI[19]
50862 RAMB36E1_PRIM mem.3.0.0.DIBDI[20]
50863 RAMB36E1_PRIM mem.3.0.0.DIBDI[21]
50864 RAMB36E1_PRIM mem.3.0.0.DIBDI[22]
50865 RAMB36E1_PRIM mem.3.0.0.DIBDI[23]
50866 RAMB36E1_PRIM mem.3.0.0.DIBDI[24]
50867 RAMB36E1_PRIM mem.3.0.0.DIBDI[25]
50868 RAMB36E1_PRIM mem.3.0.0.DIBDI[26]
50869 RAMB36E1_PRIM mem.3.0.0.DIBDI[27]
50870 RAMB36E1_PRIM mem.3.0.0.DIBDI[28]
50871 RAMB36E1_PRIM mem.3.0.0.DIBDI[29]
50872 RAMB36E1_PRIM mem.3.0.0.DIBDI[30]
50873 RAMB36E1_PRIM mem.3.0.0.DIBDI[31]
50874 RAMB36E1_PRIM mem.3.0.0.DIPBDIP[0]
50875 RAMB36E1_PRIM mem.3.0.0.DIPBDIP[1]
50876 RAMB36E1_PRIM mem.3.0.0.DIPBDIP[2]
50877 RAMB36E1_PRIM mem.3.0.0.DIPBDIP[3]
50878 RAMB36E1_PRIM mem.3.0.0.ENBWRENL[0]
50879 RAMB36E1_PRIM mem.3.0.0.ENBWRENU[0]
50880 RAMB36E1_PRIM mem.3.0.0.REGCEBL[0]
50881 RAMB36E1_PRIM mem.3.0.0.REGCEBU[0]
50882 RAMB36E1_PRIM mem.3.0.0.REGCLKBL[0]
50883 RAMB36E1_PRIM mem.3.0.0.REGCLKBU[0]
50884 RAMB36E1_PRIM mem.3.0.0.RSTRAMBL[0]
50885 RAMB36E1_PRIM mem.3.0.0.RSTRAMBU[0]
50886 RAMB36E1_PRIM mem.3.0.0.RSTREGBL[0]
50887 RAMB36E1_PRIM mem.3.0.0.RSTREGBU[0]
50888 RAMB36E1_PRIM mem.3.0.0.WEBWEL[0]
50889 RAMB36E1_PRIM mem.3.0.0.WEBWEL[1]
50890 RAMB36E1_PRIM mem.3.0.0.WEBWEL[2]
50891 RAMB36E1_PRIM mem.3.0.0.WEBWEL[3]
50892 RAMB36E1_PRIM mem.3.0.0.WEBWEL[4]
50893 RAMB36E1_PRIM mem.3.0.0.WEBWEL[5]
50894 RAMB36E1_PRIM mem.3.0.0.WEBWEL[6]
50895 RAMB36E1_PRIM mem.3.0.0.WEBWEL[7]
50896 RAMB36E1_PRIM mem.3.0.0.WEBWEU[0]
50897 RAMB36E1_PRIM mem.3.0.0.WEBWEU[1]
50898 RAMB36E1_PRIM mem.3.0.0.WEBWEU[2]
50899 RAMB36E1_PRIM mem.3.0.0.WEBWEU[3]
50900 RAMB36E1_PRIM mem.3.0.0.WEBWEU[4]
50901 RAMB36E1_PRIM mem.3.0.0.WEBWEU[5]
50902 RAMB36E1_PRIM mem.3.0.0.WEBWEU[6]
50903 RAMB36E1_PRIM mem.3.0.0.WEBWEU[7]
50904 RAMB36E1_PRIM mem.4.0.0.ADDRBWRADDRL[0]
50905 RAMB36E1_PRIM mem.4.0.0.ADDRBWRADDRL[1]
50906 RAMB36E1_PRIM mem.4.0.0.ADDRBWRADDRL[2]
50907 RAMB36E1_PRIM mem.4.0.0.ADDRBWRADDRL[3]
50908 RAMB36E1_PRIM mem.4.0.0.ADDRBWRADDRL[4]
50909 RAMB36E1_PRIM mem.4.0.0.ADDRBWRADDRL[5]
50910 RAMB36E1_PRIM mem.4.0.0.ADDRBWRADDRL[6]
50911 RAMB36E1_PRIM mem.4.0.0.ADDRBWRADDRL[7]
50912 RAMB36E1_PRIM mem.4.0.0.ADDRBWRADDRL[8]
50913 RAMB36E1_PRIM mem.4.0.0.ADDRBWRADDRL[9]
50914 RAMB36E1_PRIM mem.4.0.0.ADDRBWRADDRL[10]
50915 RAMB36E1_PRIM mem.4.0.0.ADDRBWRADDRL[11]
50916 RAMB36E1_PRIM mem.4.0.0.ADDRBWRADDRL[12]
50917 RAMB36E1_PRIM mem.4.0.0.ADDRBWRADDRL[13]
50918 RAMB36E1_PRIM mem.4.0.0.ADDRBWRADDRL[14]
50919 RAMB36E1_PRIM mem.4.0.0.ADDRBWRADDRL[15]
50920 RAMB36E1_PRIM mem.4.0.0.ADDRBWRADDRU[0]
50921 RAMB36E1_PRIM mem.4.0.0.ADDRBWRADDRU[1]
50922 RAMB36E1_PRIM mem.4.0.0.ADDRBWRADDRU[2]
50923 RAMB36E1_PRIM mem.4.0.0.ADDRBWRADDRU[3]
50924 RAMB36E1_PRIM mem.4.0.0.ADDRBWRADDRU[4]
50925 RAMB36E1_PRIM mem.4.0.0.ADDRBWRADDRU[5]
50926 RAMB36E1_PRIM mem.4.0.0.ADDRBWRADDRU[6]
50927 RAMB36E1_PRIM mem.4.0.0.ADDRBWRADDRU[7]
50928 RAMB36E1_PRIM mem.4.0.0.ADDRBWRADDRU[8]
50929 RAMB36E1_PRIM mem.4.0.0.ADDRBWRADDRU[9]
50930 RAMB36E1_PRIM mem.4.0.0.ADDRBWRADDRU[10]
50931 RAMB36E1_PRIM mem.4.0.0.ADDRBWRADDRU[11]
50932 RAMB36E1_PRIM mem.4.0.0.ADDRBWRADDRU[12]
50933 RAMB36E1_PRIM mem.4.0.0.ADDRBWRADDRU[13]
50934 RAMB36E1_PRIM mem.4.0.0.ADDRBWRADDRU[14]
50935 RAMB36E1_PRIM mem.4.0.0.DIBDI[0]
50936 RAMB36E1_PRIM mem.4.0.0.DIBDI[1]
50937 RAMB36E1_PRIM mem.4.0.0.DIBDI[2]
50938 RAMB36E1_PRIM mem.4.0.0.DIBDI[3]
50939 RAMB36E1_PRIM mem.4.0.0.DIBDI[4]
50940 RAMB36E1_PRIM mem.4.0.0.DIBDI[5]
50941 RAMB36E1_PRIM mem.4.0.0.DIBDI[6]
50942 RAMB36E1_PRIM mem.4.0.0.DIBDI[7]
50943 RAMB36E1_PRIM mem.4.0.0.DIBDI[8]
50944 RAMB36E1_PRIM mem.4.0.0.DIBDI[9]
50945 RAMB36E1_PRIM mem.4.0.0.DIBDI[10]
50946 RAMB36E1_PRIM mem.4.0.0.DIBDI[11]
50947 RAMB36E1_PRIM mem.4.0.0.DIBDI[12]
50948 RAMB36E1_PRIM mem.4.0.0.DIBDI[13]
50949 RAMB36E1_PRIM mem.4.0.0.DIBDI[14]
50950 RAMB36E1_PRIM mem.4.0.0.DIBDI[15]
50951 RAMB36E1_PRIM mem.4.0.0.DIBDI[16]
50952 RAMB36E1_PRIM mem.4.0.0.DIBDI[17]
50953 RAMB36E1_PRIM mem.4.0.0.DIBDI[18]
50954 RAMB36E1_PRIM mem.4.0.0.DIBDI[19]
50955 RAMB36E1_PRIM mem.4.0.0.DIBDI[20]
50956 RAMB36E1_PRIM mem.4.0.0.DIBDI[21]
50957 RAMB36E1_PRIM mem.4.0.0.DIBDI[22]
50958 RAMB36E1_PRIM mem.4.0.0.DIBDI[23]
50959 RAMB36E1_PRIM mem.4.0.0.DIBDI[24]
50960 RAMB36E1_PRIM mem.4.0.0.DIBDI[25]
50961 RAMB36E1_PRIM mem.4.0.0.DIBDI[26]
50962 RAMB36E1_PRIM mem.4.0.0.DIBDI[27]
50963 RAMB36E1_PRIM mem.4.0.0.DIBDI[28]
50964 RAMB36E1_PRIM mem.4.0.0.DIBDI[29]
50965 RAMB36E1_PRIM mem.4.0.0.DIBDI[30]
50966 RAMB36E1_PRIM mem.4.0.0.DIBDI[31]
50967 RAMB36E1_PRIM mem.4.0.0.DIPBDIP[0]
50968 RAMB36E1_PRIM mem.4.0.0.DIPBDIP[1]
50969 RAMB36E1_PRIM mem.4.0.0.DIPBDIP[2]
50970 RAMB36E1_PRIM mem.4.0.0.DIPBDIP[3]
50971 RAMB36E1_PRIM mem.4.0.0.ENBWRENL[0]
50972 RAMB36E1_PRIM mem.4.0.0.ENBWRENU[0]
50973 RAMB36E1_PRIM mem.4.0.0.REGCEBL[0]
50974 RAMB36E1_PRIM mem.4.0.0.REGCEBU[0]
50975 RAMB36E1_PRIM mem.4.0.0.REGCLKBL[0]
50976 RAMB36E1_PRIM mem.4.0.0.REGCLKBU[0]
50977 RAMB36E1_PRIM mem.4.0.0.RSTRAMBL[0]
50978 RAMB36E1_PRIM mem.4.0.0.RSTRAMBU[0]
50979 RAMB36E1_PRIM mem.4.0.0.RSTREGBL[0]
50980 RAMB36E1_PRIM mem.4.0.0.RSTREGBU[0]
50981 RAMB36E1_PRIM mem.4.0.0.WEBWEL[0]
50982 RAMB36E1_PRIM mem.4.0.0.WEBWEL[1]
50983 RAMB36E1_PRIM mem.4.0.0.WEBWEL[2]
50984 RAMB36E1_PRIM mem.4.0.0.WEBWEL[3]
50985 RAMB36E1_PRIM mem.4.0.0.WEBWEL[4]
50986 RAMB36E1_PRIM mem.4.0.0.WEBWEL[5]
50987 RAMB36E1_PRIM mem.4.0.0.WEBWEL[6]
50988 RAMB36E1_PRIM mem.4.0.0.WEBWEL[7]
50989 RAMB36E1_PRIM mem.4.0.0.WEBWEU[0]
50990 RAMB36E1_PRIM mem.4.0.0.WEBWEU[1]
50991 RAMB36E1_PRIM mem.4.0.0.WEBWEU[2]
50992 RAMB36E1_PRIM mem.4.0.0.WEBWEU[3]
50993 RAMB36E1_PRIM mem.4.0.0.WEBWEU[4]
50994 RAMB36E1_PRIM mem.4.0.0.WEBWEU[5]
50995 RAMB36E1_PRIM mem.4.0.0.WEBWEU[6]
50996 RAMB36E1_PRIM mem.4.0.0.WEBWEU[7]
50997 RAMB36E1_PRIM mem.5.0.0.ADDRBWRADDRL[0]
50998 RAMB36E1_PRIM mem.5.0.0.ADDRBWRADDRL[1]
50999 RAMB36E1_PRIM mem.5.0.0.ADDRBWRADDRL[2]
51000 RAMB36E1_PRIM mem.5.0.0.ADDRBWRADDRL[3]
51001 RAMB36E1_PRIM mem.5.0.0.ADDRBWRADDRL[4]
51002 RAMB36E1_PRIM mem.5.0.0.ADDRBWRADDRL[5]
51003 RAMB36E1_PRIM mem.5.0.0.ADDRBWRADDRL[6]
51004 RAMB36E1_PRIM mem.5.0.0.ADDRBWRADDRL[7]
51005 RAMB36E1_PRIM mem.5.0.0.ADDRBWRADDRL[8]
51006 RAMB36E1_PRIM mem.5.0.0.ADDRBWRADDRL[9]
51007 RAMB36E1_PRIM mem.5.0.0.ADDRBWRADDRL[10]
51008 RAMB36E1_PRIM mem.5.0.0.ADDRBWRADDRL[11]
51009 RAMB36E1_PRIM mem.5.0.0.ADDRBWRADDRL[12]
51010 RAMB36E1_PRIM mem.5.0.0.ADDRBWRADDRL[13]
51011 RAMB36E1_PRIM mem.5.0.0.ADDRBWRADDRL[14]
51012 RAMB36E1_PRIM mem.5.0.0.ADDRBWRADDRL[15]
51013 RAMB36E1_PRIM mem.5.0.0.ADDRBWRADDRU[0]
51014 RAMB36E1_PRIM mem.5.0.0.ADDRBWRADDRU[1]
51015 RAMB36E1_PRIM mem.5.0.0.ADDRBWRADDRU[2]
51016 RAMB36E1_PRIM mem.5.0.0.ADDRBWRADDRU[3]
51017 RAMB36E1_PRIM mem.5.0.0.ADDRBWRADDRU[4]
51018 RAMB36E1_PRIM mem.5.0.0.ADDRBWRADDRU[5]
51019 RAMB36E1_PRIM mem.5.0.0.ADDRBWRADDRU[6]
51020 RAMB36E1_PRIM mem.5.0.0.ADDRBWRADDRU[7]
51021 RAMB36E1_PRIM mem.5.0.0.ADDRBWRADDRU[8]
51022 RAMB36E1_PRIM mem.5.0.0.ADDRBWRADDRU[9]
51023 RAMB36E1_PRIM mem.5.0.0.ADDRBWRADDRU[10]
51024 RAMB36E1_PRIM mem.5.0.0.ADDRBWRADDRU[11]
51025 RAMB36E1_PRIM mem.5.0.0.ADDRBWRADDRU[12]
51026 RAMB36E1_PRIM mem.5.0.0.ADDRBWRADDRU[13]
51027 RAMB36E1_PRIM mem.5.0.0.ADDRBWRADDRU[14]
51028 RAMB36E1_PRIM mem.5.0.0.DIBDI[0]
51029 RAMB36E1_PRIM mem.5.0.0.DIBDI[1]
51030 RAMB36E1_PRIM mem.5.0.0.DIBDI[2]
51031 RAMB36E1_PRIM mem.5.0.0.DIBDI[3]
51032 RAMB36E1_PRIM mem.5.0.0.DIBDI[4]
51033 RAMB36E1_PRIM mem.5.0.0.DIBDI[5]
51034 RAMB36E1_PRIM mem.5.0.0.DIBDI[6]
51035 RAMB36E1_PRIM mem.5.0.0.DIBDI[7]
51036 RAMB36E1_PRIM mem.5.0.0.DIBDI[8]
51037 RAMB36E1_PRIM mem.5.0.0.DIBDI[9]
51038 RAMB36E1_PRIM mem.5.0.0.DIBDI[10]
51039 RAMB36E1_PRIM mem.5.0.0.DIBDI[11]
51040 RAMB36E1_PRIM mem.5.0.0.DIBDI[12]
51041 RAMB36E1_PRIM mem.5.0.0.DIBDI[13]
51042 RAMB36E1_PRIM mem.5.0.0.DIBDI[14]
51043 RAMB36E1_PRIM mem.5.0.0.DIBDI[15]
51044 RAMB36E1_PRIM mem.5.0.0.DIBDI[16]
51045 RAMB36E1_PRIM mem.5.0.0.DIBDI[17]
51046 RAMB36E1_PRIM mem.5.0.0.DIBDI[18]
51047 RAMB36E1_PRIM mem.5.0.0.DIBDI[19]
51048 RAMB36E1_PRIM mem.5.0.0.DIBDI[20]
51049 RAMB36E1_PRIM mem.5.0.0.DIBDI[21]
51050 RAMB36E1_PRIM mem.5.0.0.DIBDI[22]
51051 RAMB36E1_PRIM mem.5.0.0.DIBDI[23]
51052 RAMB36E1_PRIM mem.5.0.0.DIBDI[24]
51053 RAMB36E1_PRIM mem.5.0.0.DIBDI[25]
51054 RAMB36E1_PRIM mem.5.0.0.DIBDI[26]
51055 RAMB36E1_PRIM mem.5.0.0.DIBDI[27]
51056 RAMB36E1_PRIM mem.5.0.0.DIBDI[28]
51057 RAMB36E1_PRIM mem.5.0.0.DIBDI[29]
51058 RAMB36E1_PRIM mem.5.0.0.DIBDI[30]
51059 RAMB36E1_PRIM mem.5.0.0.DIBDI[31]
51060 RAMB36E1_PRIM mem.5.0.0.DIPBDIP[0]
51061 RAMB36E1_PRIM mem.5.0.0.DIPBDIP[1]
51062 RAMB36E1_PRIM mem.5.0.0.DIPBDIP[2]
51063 RAMB36E1_PRIM mem.5.0.0.DIPBDIP[3]
51064 RAMB36E1_PRIM mem.5.0.0.ENBWRENL[0]
51065 RAMB36E1_PRIM mem.5.0.0.ENBWRENU[0]
51066 RAMB36E1_PRIM mem.5.0.0.REGCEBL[0]
51067 RAMB36E1_PRIM mem.5.0.0.REGCEBU[0]
51068 RAMB36E1_PRIM mem.5.0.0.REGCLKBL[0]
51069 RAMB36E1_PRIM mem.5.0.0.REGCLKBU[0]
51070 RAMB36E1_PRIM mem.5.0.0.RSTRAMBL[0]
51071 RAMB36E1_PRIM mem.5.0.0.RSTRAMBU[0]
51072 RAMB36E1_PRIM mem.5.0.0.RSTREGBL[0]
51073 RAMB36E1_PRIM mem.5.0.0.RSTREGBU[0]
51074 RAMB36E1_PRIM mem.5.0.0.WEBWEL[0]
51075 RAMB36E1_PRIM mem.5.0.0.WEBWEL[1]
51076 RAMB36E1_PRIM mem.5.0.0.WEBWEL[2]
51077 RAMB36E1_PRIM mem.5.0.0.WEBWEL[3]
51078 RAMB36E1_PRIM mem.5.0.0.WEBWEL[4]
51079 RAMB36E1_PRIM mem.5.0.0.WEBWEL[5]
51080 RAMB36E1_PRIM mem.5.0.0.WEBWEL[6]
51081 RAMB36E1_PRIM mem.5.0.0.WEBWEL[7]
51082 RAMB36E1_PRIM mem.5.0.0.WEBWEU[0]
51083 RAMB36E1_PRIM mem.5.0.0.WEBWEU[1]
51084 RAMB36E1_PRIM mem.5.0.0.WEBWEU[2]
51085 RAMB36E1_PRIM mem.5.0.0.WEBWEU[3]
51086 RAMB36E1_PRIM mem.5.0.0.WEBWEU[4]
51087 RAMB36E1_PRIM mem.5.0.0.WEBWEU[5]
51088 RAMB36E1_PRIM mem.5.0.0.WEBWEU[6]
51089 RAMB36E1_PRIM mem.5.0.0.WEBWEU[7]
51090 RAMB36E1_PRIM mem.6.0.0.ADDRBWRADDRL[0]
51091 RAMB36E1_PRIM mem.6.0.0.ADDRBWRADDRL[1]
51092 RAMB36E1_PRIM mem.6.0.0.ADDRBWRADDRL[2]
51093 RAMB36E1_PRIM mem.6.0.0.ADDRBWRADDRL[3]
51094 RAMB36E1_PRIM mem.6.0.0.ADDRBWRADDRL[4]
51095 RAMB36E1_PRIM mem.6.0.0.ADDRBWRADDRL[5]
51096 RAMB36E1_PRIM mem.6.0.0.ADDRBWRADDRL[6]
51097 RAMB36E1_PRIM mem.6.0.0.ADDRBWRADDRL[7]
51098 RAMB36E1_PRIM mem.6.0.0.ADDRBWRADDRL[8]
51099 RAMB36E1_PRIM mem.6.0.0.ADDRBWRADDRL[9]
51100 RAMB36E1_PRIM mem.6.0.0.ADDRBWRADDRL[10]
51101 RAMB36E1_PRIM mem.6.0.0.ADDRBWRADDRL[11]
51102 RAMB36E1_PRIM mem.6.0.0.ADDRBWRADDRL[12]
51103 RAMB36E1_PRIM mem.6.0.0.ADDRBWRADDRL[13]
51104 RAMB36E1_PRIM mem.6.0.0.ADDRBWRADDRL[14]
51105 RAMB36E1_PRIM mem.6.0.0.ADDRBWRADDRL[15]
51106 RAMB36E1_PRIM mem.6.0.0.ADDRBWRADDRU[0]
51107 RAMB36E1_PRIM mem.6.0.0.ADDRBWRADDRU[1]
51108 RAMB36E1_PRIM mem.6.0.0.ADDRBWRADDRU[2]
51109 RAMB36E1_PRIM mem.6.0.0.ADDRBWRADDRU[3]
51110 RAMB36E1_PRIM mem.6.0.0.ADDRBWRADDRU[4]
51111 RAMB36E1_PRIM mem.6.0.0.ADDRBWRADDRU[5]
51112 RAMB36E1_PRIM mem.6.0.0.ADDRBWRADDRU[6]
51113 RAMB36E1_PRIM mem.6.0.0.ADDRBWRADDRU[7]
51114 RAMB36E1_PRIM mem.6.0.0.ADDRBWRADDRU[8]
51115 RAMB36E1_PRIM mem.6.0.0.ADDRBWRADDRU[9]
51116 RAMB36E1_PRIM mem.6.0.0.ADDRBWRADDRU[10]
51117 RAMB36E1_PRIM mem.6.0.0.ADDRBWRADDRU[11]
51118 RAMB36E1_PRIM mem.6.0.0.ADDRBWRADDRU[12]
51119 RAMB36E1_PRIM mem.6.0.0.ADDRBWRADDRU[13]
51120 RAMB36E1_PRIM mem.6.0.0.ADDRBWRADDRU[14]
51121 RAMB36E1_PRIM mem.6.0.0.DIBDI[0]
51122 RAMB36E1_PRIM mem.6.0.0.DIBDI[1]
51123 RAMB36E1_PRIM mem.6.0.0.DIBDI[2]
51124 RAMB36E1_PRIM mem.6.0.0.DIBDI[3]
51125 RAMB36E1_PRIM mem.6.0.0.DIBDI[4]
51126 RAMB36E1_PRIM mem.6.0.0.DIBDI[5]
51127 RAMB36E1_PRIM mem.6.0.0.DIBDI[6]
51128 RAMB36E1_PRIM mem.6.0.0.DIBDI[7]
51129 RAMB36E1_PRIM mem.6.0.0.DIBDI[8]
51130 RAMB36E1_PRIM mem.6.0.0.DIBDI[9]
51131 RAMB36E1_PRIM mem.6.0.0.DIBDI[10]
51132 RAMB36E1_PRIM mem.6.0.0.DIBDI[11]
51133 RAMB36E1_PRIM mem.6.0.0.DIBDI[12]
51134 RAMB36E1_PRIM mem.6.0.0.DIBDI[13]
51135 RAMB36E1_PRIM mem.6.0.0.DIBDI[14]
51136 RAMB36E1_PRIM mem.6.0.0.DIBDI[15]
51137 RAMB36E1_PRIM mem.6.0.0.DIBDI[16]
51138 RAMB36E1_PRIM mem.6.0.0.DIBDI[17]
51139 RAMB36E1_PRIM mem.6.0.0.DIBDI[18]
51140 RAMB36E1_PRIM mem.6.0.0.DIBDI[19]
51141 RAMB36E1_PRIM mem.6.0.0.DIBDI[20]
51142 RAMB36E1_PRIM mem.6.0.0.DIBDI[21]
51143 RAMB36E1_PRIM mem.6.0.0.DIBDI[22]
51144 RAMB36E1_PRIM mem.6.0.0.DIBDI[23]
51145 RAMB36E1_PRIM mem.6.0.0.DIBDI[24]
51146 RAMB36E1_PRIM mem.6.0.0.DIBDI[25]
51147 RAMB36E1_PRIM mem.6.0.0.DIBDI[26]
51148 RAMB36E1_PRIM mem.6.0.0.DIBDI[27]
51149 RAMB36E1_PRIM mem.6.0.0.DIBDI[28]
51150 RAMB36E1_PRIM mem.6.0.0.DIBDI[29]
51151 RAMB36E1_PRIM mem.6.0.0.DIBDI[30]
51152 RAMB36E1_PRIM mem.6.0.0.DIBDI[31]
51153 RAMB36E1_PRIM mem.6.0.0.DIPBDIP[0]
51154 RAMB36E1_PRIM mem.6.0.0.DIPBDIP[1]
51155 RAMB36E1_PRIM mem.6.0.0.DIPBDIP[2]
51156 RAMB36E1_PRIM mem.6.0.0.DIPBDIP[3]
51157 RAMB36E1_PRIM mem.6.0.0.ENBWRENL[0]
51158 RAMB36E1_PRIM mem.6.0.0.ENBWRENU[0]
51159 RAMB36E1_PRIM mem.6.0.0.REGCEBL[0]
51160 RAMB36E1_PRIM mem.6.0.0.REGCEBU[0]
51161 RAMB36E1_PRIM mem.6.0.0.REGCLKBL[0]
51162 RAMB36E1_PRIM mem.6.0.0.REGCLKBU[0]
51163 RAMB36E1_PRIM mem.6.0.0.RSTRAMBL[0]
51164 RAMB36E1_PRIM mem.6.0.0.RSTRAMBU[0]
51165 RAMB36E1_PRIM mem.6.0.0.RSTREGBL[0]
51166 RAMB36E1_PRIM mem.6.0.0.RSTREGBU[0]
51167 RAMB36E1_PRIM mem.6.0.0.WEBWEL[0]
51168 RAMB36E1_PRIM mem.6.0.0.WEBWEL[1]
51169 RAMB36E1_PRIM mem.6.0.0.WEBWEL[2]
51170 RAMB36E1_PRIM mem.6.0.0.WEBWEL[3]
51171 RAMB36E1_PRIM mem.6.0.0.WEBWEL[4]
51172 RAMB36E1_PRIM mem.6.0.0.WEBWEL[5]
51173 RAMB36E1_PRIM mem.6.0.0.WEBWEL[6]
51174 RAMB36E1_PRIM mem.6.0.0.WEBWEL[7]
51175 RAMB36E1_PRIM mem.6.0.0.WEBWEU[0]
51176 RAMB36E1_PRIM mem.6.0.0.WEBWEU[1]
51177 RAMB36E1_PRIM mem.6.0.0.WEBWEU[2]
51178 RAMB36E1_PRIM mem.6.0.0.WEBWEU[3]
51179 RAMB36E1_PRIM mem.6.0.0.WEBWEU[4]
51180 RAMB36E1_PRIM mem.6.0.0.WEBWEU[5]
51181 RAMB36E1_PRIM mem.6.0.0.WEBWEU[6]
51182 RAMB36E1_PRIM mem.6.0.0.WEBWEU[7]
51183 RAMB36E1_PRIM mem.7.0.0.ADDRBWRADDRL[0]
51184 RAMB36E1_PRIM mem.7.0.0.ADDRBWRADDRL[1]
51185 RAMB36E1_PRIM mem.7.0.0.ADDRBWRADDRL[2]
51186 RAMB36E1_PRIM mem.7.0.0.ADDRBWRADDRL[3]
51187 RAMB36E1_PRIM mem.7.0.0.ADDRBWRADDRL[4]
51188 RAMB36E1_PRIM mem.7.0.0.ADDRBWRADDRL[5]
51189 RAMB36E1_PRIM mem.7.0.0.ADDRBWRADDRL[6]
51190 RAMB36E1_PRIM mem.7.0.0.ADDRBWRADDRL[7]
51191 RAMB36E1_PRIM mem.7.0.0.ADDRBWRADDRL[8]
51192 RAMB36E1_PRIM mem.7.0.0.ADDRBWRADDRL[9]
51193 RAMB36E1_PRIM mem.7.0.0.ADDRBWRADDRL[10]
51194 RAMB36E1_PRIM mem.7.0.0.ADDRBWRADDRL[11]
51195 RAMB36E1_PRIM mem.7.0.0.ADDRBWRADDRL[12]
51196 RAMB36E1_PRIM mem.7.0.0.ADDRBWRADDRL[13]
51197 RAMB36E1_PRIM mem.7.0.0.ADDRBWRADDRL[14]
51198 RAMB36E1_PRIM mem.7.0.0.ADDRBWRADDRL[15]
51199 RAMB36E1_PRIM mem.7.0.0.ADDRBWRADDRU[0]
51200 RAMB36E1_PRIM mem.7.0.0.ADDRBWRADDRU[1]
51201 RAMB36E1_PRIM mem.7.0.0.ADDRBWRADDRU[2]
51202 RAMB36E1_PRIM mem.7.0.0.ADDRBWRADDRU[3]
51203 RAMB36E1_PRIM mem.7.0.0.ADDRBWRADDRU[4]
51204 RAMB36E1_PRIM mem.7.0.0.ADDRBWRADDRU[5]
51205 RAMB36E1_PRIM mem.7.0.0.ADDRBWRADDRU[6]
51206 RAMB36E1_PRIM mem.7.0.0.ADDRBWRADDRU[7]
51207 RAMB36E1_PRIM mem.7.0.0.ADDRBWRADDRU[8]
51208 RAMB36E1_PRIM mem.7.0.0.ADDRBWRADDRU[9]
51209 RAMB36E1_PRIM mem.7.0.0.ADDRBWRADDRU[10]
51210 RAMB36E1_PRIM mem.7.0.0.ADDRBWRADDRU[11]
51211 RAMB36E1_PRIM mem.7.0.0.ADDRBWRADDRU[12]
51212 RAMB36E1_PRIM mem.7.0.0.ADDRBWRADDRU[13]
51213 RAMB36E1_PRIM mem.7.0.0.ADDRBWRADDRU[14]
51214 RAMB36E1_PRIM mem.7.0.0.DIBDI[0]
51215 RAMB36E1_PRIM mem.7.0.0.DIBDI[1]
51216 RAMB36E1_PRIM mem.7.0.0.DIBDI[2]
51217 RAMB36E1_PRIM mem.7.0.0.DIBDI[3]
51218 RAMB36E1_PRIM mem.7.0.0.DIBDI[4]
51219 RAMB36E1_PRIM mem.7.0.0.DIBDI[5]
51220 RAMB36E1_PRIM mem.7.0.0.DIBDI[6]
51221 RAMB36E1_PRIM mem.7.0.0.DIBDI[7]
51222 RAMB36E1_PRIM mem.7.0.0.DIBDI[8]
51223 RAMB36E1_PRIM mem.7.0.0.DIBDI[9]
51224 RAMB36E1_PRIM mem.7.0.0.DIBDI[10]
51225 RAMB36E1_PRIM mem.7.0.0.DIBDI[11]
51226 RAMB36E1_PRIM mem.7.0.0.DIBDI[12]
51227 RAMB36E1_PRIM mem.7.0.0.DIBDI[13]
51228 RAMB36E1_PRIM mem.7.0.0.DIBDI[14]
51229 RAMB36E1_PRIM mem.7.0.0.DIBDI[15]
51230 RAMB36E1_PRIM mem.7.0.0.DIBDI[16]
51231 RAMB36E1_PRIM mem.7.0.0.DIBDI[17]
51232 RAMB36E1_PRIM mem.7.0.0.DIBDI[18]
51233 RAMB36E1_PRIM mem.7.0.0.DIBDI[19]
51234 RAMB36E1_PRIM mem.7.0.0.DIBDI[20]
51235 RAMB36E1_PRIM mem.7.0.0.DIBDI[21]
51236 RAMB36E1_PRIM mem.7.0.0.DIBDI[22]
51237 RAMB36E1_PRIM mem.7.0.0.DIBDI[23]
51238 RAMB36E1_PRIM mem.7.0.0.DIBDI[24]
51239 RAMB36E1_PRIM mem.7.0.0.DIBDI[25]
51240 RAMB36E1_PRIM mem.7.0.0.DIBDI[26]
51241 RAMB36E1_PRIM mem.7.0.0.DIBDI[27]
51242 RAMB36E1_PRIM mem.7.0.0.DIBDI[28]
51243 RAMB36E1_PRIM mem.7.0.0.DIBDI[29]
51244 RAMB36E1_PRIM mem.7.0.0.DIBDI[30]
51245 RAMB36E1_PRIM mem.7.0.0.DIBDI[31]
51246 RAMB36E1_PRIM mem.7.0.0.DIPBDIP[0]
51247 RAMB36E1_PRIM mem.7.0.0.DIPBDIP[1]
51248 RAMB36E1_PRIM mem.7.0.0.DIPBDIP[2]
51249 RAMB36E1_PRIM mem.7.0.0.DIPBDIP[3]
51250 RAMB36E1_PRIM mem.7.0.0.ENBWRENL[0]
51251 RAMB36E1_PRIM mem.7.0.0.ENBWRENU[0]
51252 RAMB36E1_PRIM mem.7.0.0.REGCEBL[0]
51253 RAMB36E1_PRIM mem.7.0.0.REGCEBU[0]
51254 RAMB36E1_PRIM mem.7.0.0.REGCLKBL[0]
51255 RAMB36E1_PRIM mem.7.0.0.REGCLKBU[0]
51256 RAMB36E1_PRIM mem.7.0.0.RSTRAMBL[0]
51257 RAMB36E1_PRIM mem.7.0.0.RSTRAMBU[0]
51258 RAMB36E1_PRIM mem.7.0.0.RSTREGBL[0]
51259 RAMB36E1_PRIM mem.7.0.0.RSTREGBU[0]
51260 RAMB36E1_PRIM mem.7.0.0.WEBWEL[0]
51261 RAMB36E1_PRIM mem.7.0.0.WEBWEL[1]
51262 RAMB36E1_PRIM mem.7.0.0.WEBWEL[2]
51263 RAMB36E1_PRIM mem.7.0.0.WEBWEL[3]
51264 RAMB36E1_PRIM mem.7.0.0.WEBWEL[4]
51265 RAMB36E1_PRIM mem.7.0.0.WEBWEL[5]
51266 RAMB36E1_PRIM mem.7.0.0.WEBWEL[6]
51267 RAMB36E1_PRIM mem.7.0.0.WEBWEL[7]
51268 RAMB36E1_PRIM mem.7.0.0.WEBWEU[0]
51269 RAMB36E1_PRIM mem.7.0.0.WEBWEU[1]
51270 RAMB36E1_PRIM mem.7.0.0.WEBWEU[2]
51271 RAMB36E1_PRIM mem.7.0.0.WEBWEU[3]
51272 RAMB36E1_PRIM mem.7.0.0.WEBWEU[4]
51273 RAMB36E1_PRIM mem.7.0.0.WEBWEU[5]
51274 RAMB36E1_PRIM mem.7.0.0.WEBWEU[6]
51275 RAMB36E1_PRIM mem.7.0.0.WEBWEU[7]
57868 FDRE_ZINI $auto$ff.cc:262:slice$11686.D[0]
59290 .output out:serial_tx.outpad[0]
59291 .output out:spi_clk.outpad[0]
59292 .output out:spi_mosi.outpad[0]
59293 .output out:spi_cs_n.outpad[0]
59353 .output out:i2c_scl_$out.outpad[0]
61946 .output out:i2c_sda_$out.outpad[0]

#End of unconstrained hold startpoint/endpoint report
